\BOOKMARK [0][-]{chapter.1}{\376\377\000I\000n\000t\000r\000o\000d\000u\000c\000t\000i\000o\000n}{}% 1
\BOOKMARK [0][-]{chapter.2}{\376\377\000M\000u\000l\000t\000i\000p\000l\000e\000\040\000L\000i\000n\000e\000a\000r\000\040\000R\000e\000g\000r\000e\000s\000s\000i\000o\000n}{}% 2
\BOOKMARK [0][-]{chapter.3}{\376\377\000N\000o\000n\000-\000p\000a\000r\000a\000m\000e\000t\000r\000i\000c\000\040\000D\000e\000n\000s\000i\000t\000y\000\040\000E\000s\000t\000i\000m\000a\000t\000i\000o\000n}{}% 3
\BOOKMARK [1][-]{section.3.1}{\376\377\000A\000l\000t\000e\000r\000n\000a\000t\000i\000v\000e\000\040\000I\000n\000t\000e\000r\000p\000r\000e\000t\000a\000t\000i\000o\000n}{chapter.3}% 4
\BOOKMARK [1][-]{section.3.2}{\376\377\000T\000h\000e\000\040\000B\000a\000n\000d\000w\000i\000d\000t\000h}{chapter.3}% 5
\BOOKMARK [1][-]{section.3.3}{\376\377\000H\000a\000t\000\040\000M\000a\000t\000r\000i\000x}{chapter.3}% 6
\BOOKMARK [1][-]{section.3.4}{\376\377\000D\000e\000g\000r\000e\000e\000s\000\040\000o\000f\000\040\000F\000r\000e\000e\000d\000o\000m}{chapter.3}% 7
\BOOKMARK [1][-]{section.3.5}{\376\377\000I\000n\000f\000e\000r\000e\000n\000c\000e}{chapter.3}% 8
\BOOKMARK [1][-]{section.3.6}{\376\377\000L\000o\000c\000a\000l\000\040\000P\000o\000l\000y\000n\000o\000m\000i\000a\000l\000\040\000E\000s\000t\000i\000m\000a\000t\000o\000r}{chapter.3}% 9
\BOOKMARK [0][-]{chapter.4}{\376\377\000N\000o\000n\000-\000p\000a\000r\000a\000m\000e\000t\000r\000i\000c\000\040\000R\000e\000g\000r\000e\000s\000s\000i\000o\000n}{}% 10
\BOOKMARK [1][-]{section.4.1}{\376\377\000A\000l\000t\000e\000r\000n\000a\000t\000i\000v\000e\000\040\000I\000n\000t\000e\000r\000p\000r\000e\000t\000a\000t\000i\000o\000n}{chapter.4}% 11
\BOOKMARK [1][-]{section.4.2}{\376\377\000T\000h\000e\000\040\000B\000a\000n\000d\000w\000i\000d\000t\000h}{chapter.4}% 12
\BOOKMARK [1][-]{section.4.3}{\376\377\000H\000a\000t\000\040\000M\000a\000t\000r\000i\000x}{chapter.4}% 13
\BOOKMARK [1][-]{section.4.4}{\376\377\000D\000e\000g\000r\000e\000e\000s\000\040\000o\000f\000\040\000F\000r\000e\000e\000d\000o\000m}{chapter.4}% 14
\BOOKMARK [1][-]{section.4.5}{\376\377\000I\000n\000f\000e\000r\000e\000n\000c\000e}{chapter.4}% 15
\BOOKMARK [1][-]{section.4.6}{\376\377\000L\000o\000c\000a\000l\000\040\000P\000o\000l\000y\000n\000o\000m\000i\000a\000l\000\040\000E\000s\000t\000i\000m\000a\000t\000o\000r}{chapter.4}% 16
\BOOKMARK [0][-]{chapter.5}{\376\377\000C\000r\000o\000s\000s\000\040\000V\000a\000l\000i\000d\000a\000t\000i\000o\000n}{}% 17
\BOOKMARK [1][-]{section.5.1}{\376\377\000M\000o\000t\000i\000v\000a\000t\000i\000o\000n\000\040\000a\000n\000d\000\040\000C\000o\000r\000e\000\040\000I\000d\000e\000a}{chapter.5}% 18
\BOOKMARK [1][-]{section.5.2}{\376\377\000L\000o\000s\000s\000\040\000F\000u\000n\000c\000t\000i\000o\000n}{chapter.5}% 19
\BOOKMARK [1][-]{section.5.3}{\376\377\000I\000m\000p\000l\000e\000m\000e\000n\000t\000a\000t\000i\000o\000n}{chapter.5}% 20
\BOOKMARK [1][-]{section.5.4}{\376\377\000K\000-\000f\000o\000l\000d\000\040\000C\000r\000o\000s\000s\000-\000V\000a\000l\000i\000d\000a\000t\000i\000o\000n}{chapter.5}% 21
\BOOKMARK [1][-]{section.5.5}{\376\377\000P\000r\000o\000p\000e\000r\000t\000i\000e\000s\000\040\000o\000f\000\040\000t\000h\000e\000\040\000d\000i\000f\000f\000e\000r\000e\000n\000t\000\040\000s\000c\000h\000e\000m\000e\000s}{chapter.5}% 22
\BOOKMARK [1][-]{section.5.6}{\376\377\000S\000h\000o\000r\000t\000c\000u\000t\000s\000\040\000f\000o\000r\000\040\000\050\000s\000o\000m\000e\000\051\000\040\000l\000i\000n\000e\000a\000r\000\040\000f\000i\000t\000t\000i\000n\000g\000\040\000o\000p\000e\000r\000a\000t\000o\000r\000s}{chapter.5}% 23
\BOOKMARK [1][-]{section.5.7}{\376\377\000E\000x\000a\000m\000p\000l\000e\000s}{chapter.5}% 24
\BOOKMARK [0][-]{chapter.6}{\376\377\000B\000o\000o\000t\000s\000t\000r\000a\000p}{}% 25
\BOOKMARK [1][-]{section.6.1}{\376\377\000M\000o\000t\000i\000v\000a\000t\000i\000o\000n}{chapter.6}% 26
\BOOKMARK [1][-]{section.6.2}{\376\377\000T\000h\000e\000\040\000B\000o\000o\000t\000s\000t\000r\000a\000p\000\040\000D\000i\000s\000t\000r\000i\000b\000u\000t\000i\000o\000n}{chapter.6}% 27
\BOOKMARK [1][-]{section.6.3}{\376\377\000B\000o\000o\000t\000s\000t\000r\000a\000p\000\040\000C\000o\000n\000s\000i\000s\000t\000e\000n\000c\000y}{chapter.6}% 28
\BOOKMARK [1][-]{section.6.4}{\376\377\000B\000o\000o\000s\000t\000r\000a\000p\000\040\000C\000o\000n\000f\000i\000d\000e\000n\000c\000e\000\040\000I\000n\000t\000e\000r\000v\000a\000l\000s}{chapter.6}% 29
\BOOKMARK [1][-]{section.6.5}{\376\377\000B\000o\000o\000s\000t\000r\000a\000p\000\040\000E\000s\000t\000i\000m\000a\000t\000o\000r\000\040\000o\000f\000\040\000t\000h\000e\000\040\000G\000e\000n\000e\000r\000a\000l\000i\000z\000a\000t\000i\000o\000n\000\040\000E\000r\000r\000o\000r}{chapter.6}% 30
\BOOKMARK [1][-]{section.6.6}{\376\377\000O\000u\000t\000-\000o\000f\000-\000B\000o\000o\000s\000t\000r\000a\000p\000\040\000s\000a\000m\000p\000l\000e\000\040\000f\000o\000r\000\040\000e\000s\000t\000i\000m\000a\000t\000i\000n\000g\000\040\000t\000h\000e\000\040\000G\000E}{chapter.6}% 31
\BOOKMARK [1][-]{section.6.7}{\376\377\000D\000o\000u\000b\000l\000e\000\040\000B\000o\000o\000s\000t\000r\000a\000p\000\040\000C\000o\000n\000f\000i\000d\000e\000n\000c\000e\000\040\000I\000n\000t\000e\000r\000v\000a\000l\000s}{chapter.6}% 32
\BOOKMARK [1][-]{section.6.8}{\376\377\000T\000h\000r\000e\000e\000\040\000V\000e\000r\000s\000i\000o\000n\000s\000\040\000o\000f\000\040\000B\000o\000o\000s\000t\000r\000a\000p}{chapter.6}% 33
\BOOKMARK [1][-]{section.6.9}{\376\377\000C\000o\000n\000c\000l\000u\000s\000i\000o\000n}{chapter.6}% 34
\BOOKMARK [0][-]{chapter.7}{\376\377\000C\000l\000a\000s\000s\000i\000f\000i\000c\000a\000t\000i\000o\000n}{}% 35
\BOOKMARK [1][-]{section.7.1}{\376\377\000I\000n\000d\000i\000r\000e\000c\000t\000\040\000C\000l\000a\000s\000s\000i\000f\000i\000c\000a\000t\000i\000o\000n\000\040\000-\000\040\000T\000h\000e\000\040\000B\000a\000y\000e\000s\000\040\000C\000l\000a\000s\000s\000i\000f\000i\000e\000r}{chapter.7}% 36
\BOOKMARK [1][-]{section.7.2}{\376\377\000D\000i\000r\000e\000c\000t\000\040\000C\000l\000a\000s\000s\000i\000f\000i\000c\000a\000t\000i\000o\000n\000\040\000-\000\040\000T\000h\000e\000\040\000D\000i\000s\000c\000r\000i\000m\000i\000n\000a\000n\000t\000\040\000V\000i\000e\000w}{chapter.7}% 37
\BOOKMARK [1][-]{section.7.3}{\376\377\000I\000n\000d\000i\000r\000e\000c\000t\000\040\000C\000l\000a\000s\000s\000i\000f\000i\000c\000a\000t\000i\000o\000n\000\040\000-\000\040\000T\000h\000e\000\040\000V\000i\000e\000w\000\040\000o\000f\000\040\000L\000o\000g\000i\000s\000t\000i\000c\000\040\000R\000e\000g\000r\000e\000s\000s\000i\000o\000n}{chapter.7}% 38
\BOOKMARK [1][-]{section.7.4}{\376\377\000D\000i\000s\000c\000r\000i\000m\000i\000n\000a\000n\000t\000\040\000A\000n\000a\000l\000y\000s\000i\000s\000\040\000o\000r\000\040\000L\000o\000g\000i\000s\000t\000i\000c\000\040\000R\000e\000g\000r\000e\000s\000s\000i\000o\000n\000?}{chapter.7}% 39
\BOOKMARK [1][-]{section.7.5}{\376\377\000M\000u\000l\000t\000i\000c\000l\000a\000s\000s\000\040\000c\000a\000s\000e\000\040\000\050\000J\000\040\000>\000\040\0002\000\051}{chapter.7}% 40
\BOOKMARK [0][-]{chapter.8}{\376\377\000F\000l\000e\000x\000i\000b\000l\000e\000\040\000r\000e\000g\000r\000e\000s\000s\000i\000o\000n\000\040\000a\000n\000d\000\040\000c\000l\000a\000s\000s\000i\000f\000i\000c\000a\000t\000i\000o\000n\000\040\000m\000e\000t\000h\000o\000d\000s}{}% 41
\BOOKMARK [1][-]{section.8.1}{\376\377\000A\000d\000d\000i\000t\000i\000v\000e\000\040\000M\000o\000d\000e\000l\000s}{chapter.8}% 42
\BOOKMARK [1][-]{section.8.2}{\376\377\000M\000A\000R\000S}{chapter.8}% 43
\BOOKMARK [1][-]{section.8.3}{\376\377\000N\000e\000u\000r\000a\000l\000\040\000N\000e\000t\000w\000o\000r\000k\000s}{chapter.8}% 44
\BOOKMARK [1][-]{section.8.4}{\376\377\000P\000r\000o\000j\000e\000c\000t\000i\000o\000n\000\040\000P\000u\000r\000s\000u\000i\000t\000\040\000R\000e\000g\000r\000e\000s\000s\000i\000o\000n}{chapter.8}% 45
